[2024-07-19T15:41:41.985+0000] {processor.py:161} INFO - Started process (PID=1776) to work on /opt/airflow/dags/google_analytics_data_etl/logics/extract.py
[2024-07-19T15:41:42.007+0000] {processor.py:830} INFO - Processing file /opt/airflow/dags/google_analytics_data_etl/logics/extract.py for tasks to queue
[2024-07-19T15:41:42.020+0000] {logging_mixin.py:188} INFO - [2024-07-19T15:41:42.018+0000] {dagbag.py:538} INFO - Filling up the DagBag from /opt/airflow/dags/google_analytics_data_etl/logics/extract.py
[2024-07-19T15:41:42.082+0000] {processor.py:842} WARNING - No viable dags retrieved from /opt/airflow/dags/google_analytics_data_etl/logics/extract.py
[2024-07-19T15:41:42.143+0000] {processor.py:183} INFO - Processing /opt/airflow/dags/google_analytics_data_etl/logics/extract.py took 0.168 seconds
[2024-07-19T15:42:12.360+0000] {processor.py:161} INFO - Started process (PID=1835) to work on /opt/airflow/dags/google_analytics_data_etl/logics/extract.py
[2024-07-19T15:42:12.365+0000] {processor.py:830} INFO - Processing file /opt/airflow/dags/google_analytics_data_etl/logics/extract.py for tasks to queue
[2024-07-19T15:42:12.373+0000] {logging_mixin.py:188} INFO - [2024-07-19T15:42:12.373+0000] {dagbag.py:538} INFO - Filling up the DagBag from /opt/airflow/dags/google_analytics_data_etl/logics/extract.py
[2024-07-19T15:42:12.451+0000] {processor.py:842} WARNING - No viable dags retrieved from /opt/airflow/dags/google_analytics_data_etl/logics/extract.py
[2024-07-19T15:42:12.462+0000] {processor.py:183} INFO - Processing /opt/airflow/dags/google_analytics_data_etl/logics/extract.py took 0.105 seconds
[2024-07-19T15:42:43.097+0000] {processor.py:161} INFO - Started process (PID=1896) to work on /opt/airflow/dags/google_analytics_data_etl/logics/extract.py
[2024-07-19T15:42:43.099+0000] {processor.py:830} INFO - Processing file /opt/airflow/dags/google_analytics_data_etl/logics/extract.py for tasks to queue
[2024-07-19T15:42:43.103+0000] {logging_mixin.py:188} INFO - [2024-07-19T15:42:43.102+0000] {dagbag.py:538} INFO - Filling up the DagBag from /opt/airflow/dags/google_analytics_data_etl/logics/extract.py
[2024-07-19T15:42:43.149+0000] {processor.py:842} WARNING - No viable dags retrieved from /opt/airflow/dags/google_analytics_data_etl/logics/extract.py
[2024-07-19T15:42:43.159+0000] {processor.py:183} INFO - Processing /opt/airflow/dags/google_analytics_data_etl/logics/extract.py took 0.065 seconds
[2024-07-19T15:43:13.624+0000] {processor.py:161} INFO - Started process (PID=1956) to work on /opt/airflow/dags/google_analytics_data_etl/logics/extract.py
[2024-07-19T15:43:13.627+0000] {processor.py:830} INFO - Processing file /opt/airflow/dags/google_analytics_data_etl/logics/extract.py for tasks to queue
[2024-07-19T15:43:13.633+0000] {logging_mixin.py:188} INFO - [2024-07-19T15:43:13.632+0000] {dagbag.py:538} INFO - Filling up the DagBag from /opt/airflow/dags/google_analytics_data_etl/logics/extract.py
[2024-07-19T15:43:13.680+0000] {processor.py:842} WARNING - No viable dags retrieved from /opt/airflow/dags/google_analytics_data_etl/logics/extract.py
[2024-07-19T15:43:13.692+0000] {processor.py:183} INFO - Processing /opt/airflow/dags/google_analytics_data_etl/logics/extract.py took 0.079 seconds
[2024-07-19T15:43:44.581+0000] {processor.py:161} INFO - Started process (PID=2017) to work on /opt/airflow/dags/google_analytics_data_etl/logics/extract.py
[2024-07-19T15:43:44.584+0000] {processor.py:830} INFO - Processing file /opt/airflow/dags/google_analytics_data_etl/logics/extract.py for tasks to queue
[2024-07-19T15:43:44.587+0000] {logging_mixin.py:188} INFO - [2024-07-19T15:43:44.587+0000] {dagbag.py:538} INFO - Filling up the DagBag from /opt/airflow/dags/google_analytics_data_etl/logics/extract.py
[2024-07-19T15:43:44.619+0000] {processor.py:842} WARNING - No viable dags retrieved from /opt/airflow/dags/google_analytics_data_etl/logics/extract.py
[2024-07-19T15:43:44.644+0000] {processor.py:183} INFO - Processing /opt/airflow/dags/google_analytics_data_etl/logics/extract.py took 0.071 seconds
[2024-07-19T15:44:15.201+0000] {processor.py:161} INFO - Started process (PID=2077) to work on /opt/airflow/dags/google_analytics_data_etl/logics/extract.py
[2024-07-19T15:44:15.202+0000] {processor.py:830} INFO - Processing file /opt/airflow/dags/google_analytics_data_etl/logics/extract.py for tasks to queue
[2024-07-19T15:44:15.205+0000] {logging_mixin.py:188} INFO - [2024-07-19T15:44:15.205+0000] {dagbag.py:538} INFO - Filling up the DagBag from /opt/airflow/dags/google_analytics_data_etl/logics/extract.py
[2024-07-19T15:44:15.251+0000] {processor.py:842} WARNING - No viable dags retrieved from /opt/airflow/dags/google_analytics_data_etl/logics/extract.py
[2024-07-19T15:44:15.262+0000] {processor.py:183} INFO - Processing /opt/airflow/dags/google_analytics_data_etl/logics/extract.py took 0.063 seconds
[2024-07-19T15:44:45.613+0000] {processor.py:161} INFO - Started process (PID=2137) to work on /opt/airflow/dags/google_analytics_data_etl/logics/extract.py
[2024-07-19T15:44:45.626+0000] {processor.py:830} INFO - Processing file /opt/airflow/dags/google_analytics_data_etl/logics/extract.py for tasks to queue
[2024-07-19T15:44:45.641+0000] {logging_mixin.py:188} INFO - [2024-07-19T15:44:45.639+0000] {dagbag.py:538} INFO - Filling up the DagBag from /opt/airflow/dags/google_analytics_data_etl/logics/extract.py
[2024-07-19T15:44:45.727+0000] {processor.py:842} WARNING - No viable dags retrieved from /opt/airflow/dags/google_analytics_data_etl/logics/extract.py
[2024-07-19T15:44:45.914+0000] {processor.py:183} INFO - Processing /opt/airflow/dags/google_analytics_data_etl/logics/extract.py took 0.317 seconds
[2024-07-19T15:45:16.163+0000] {processor.py:161} INFO - Started process (PID=2196) to work on /opt/airflow/dags/google_analytics_data_etl/logics/extract.py
[2024-07-19T15:45:16.164+0000] {processor.py:830} INFO - Processing file /opt/airflow/dags/google_analytics_data_etl/logics/extract.py for tasks to queue
[2024-07-19T15:45:16.167+0000] {logging_mixin.py:188} INFO - [2024-07-19T15:45:16.167+0000] {dagbag.py:538} INFO - Filling up the DagBag from /opt/airflow/dags/google_analytics_data_etl/logics/extract.py
[2024-07-19T15:45:16.205+0000] {processor.py:842} WARNING - No viable dags retrieved from /opt/airflow/dags/google_analytics_data_etl/logics/extract.py
[2024-07-19T15:45:16.216+0000] {processor.py:183} INFO - Processing /opt/airflow/dags/google_analytics_data_etl/logics/extract.py took 0.064 seconds
[2024-07-19T15:45:47.191+0000] {processor.py:161} INFO - Started process (PID=2257) to work on /opt/airflow/dags/google_analytics_data_etl/logics/extract.py
[2024-07-19T15:45:47.192+0000] {processor.py:830} INFO - Processing file /opt/airflow/dags/google_analytics_data_etl/logics/extract.py for tasks to queue
[2024-07-19T15:45:47.195+0000] {logging_mixin.py:188} INFO - [2024-07-19T15:45:47.195+0000] {dagbag.py:538} INFO - Filling up the DagBag from /opt/airflow/dags/google_analytics_data_etl/logics/extract.py
[2024-07-19T15:45:47.226+0000] {processor.py:842} WARNING - No viable dags retrieved from /opt/airflow/dags/google_analytics_data_etl/logics/extract.py
[2024-07-19T15:45:47.243+0000] {processor.py:183} INFO - Processing /opt/airflow/dags/google_analytics_data_etl/logics/extract.py took 0.056 seconds
[2024-07-19T15:46:17.585+0000] {processor.py:161} INFO - Started process (PID=2317) to work on /opt/airflow/dags/google_analytics_data_etl/logics/extract.py
[2024-07-19T15:46:17.590+0000] {processor.py:830} INFO - Processing file /opt/airflow/dags/google_analytics_data_etl/logics/extract.py for tasks to queue
[2024-07-19T15:46:17.592+0000] {logging_mixin.py:188} INFO - [2024-07-19T15:46:17.591+0000] {dagbag.py:538} INFO - Filling up the DagBag from /opt/airflow/dags/google_analytics_data_etl/logics/extract.py
[2024-07-19T15:46:17.610+0000] {processor.py:842} WARNING - No viable dags retrieved from /opt/airflow/dags/google_analytics_data_etl/logics/extract.py
[2024-07-19T15:46:17.624+0000] {processor.py:183} INFO - Processing /opt/airflow/dags/google_analytics_data_etl/logics/extract.py took 0.042 seconds
[2024-07-19T15:46:48.298+0000] {processor.py:161} INFO - Started process (PID=2377) to work on /opt/airflow/dags/google_analytics_data_etl/logics/extract.py
[2024-07-19T15:46:48.311+0000] {processor.py:830} INFO - Processing file /opt/airflow/dags/google_analytics_data_etl/logics/extract.py for tasks to queue
[2024-07-19T15:46:48.316+0000] {logging_mixin.py:188} INFO - [2024-07-19T15:46:48.315+0000] {dagbag.py:538} INFO - Filling up the DagBag from /opt/airflow/dags/google_analytics_data_etl/logics/extract.py
[2024-07-19T15:46:48.395+0000] {processor.py:842} WARNING - No viable dags retrieved from /opt/airflow/dags/google_analytics_data_etl/logics/extract.py
[2024-07-19T15:46:48.406+0000] {processor.py:183} INFO - Processing /opt/airflow/dags/google_analytics_data_etl/logics/extract.py took 0.121 seconds
[2024-07-19T15:47:18.642+0000] {processor.py:161} INFO - Started process (PID=2437) to work on /opt/airflow/dags/google_analytics_data_etl/logics/extract.py
[2024-07-19T15:47:18.643+0000] {processor.py:830} INFO - Processing file /opt/airflow/dags/google_analytics_data_etl/logics/extract.py for tasks to queue
[2024-07-19T15:47:18.646+0000] {logging_mixin.py:188} INFO - [2024-07-19T15:47:18.645+0000] {dagbag.py:538} INFO - Filling up the DagBag from /opt/airflow/dags/google_analytics_data_etl/logics/extract.py
[2024-07-19T15:47:18.676+0000] {processor.py:842} WARNING - No viable dags retrieved from /opt/airflow/dags/google_analytics_data_etl/logics/extract.py
[2024-07-19T15:47:18.690+0000] {processor.py:183} INFO - Processing /opt/airflow/dags/google_analytics_data_etl/logics/extract.py took 0.051 seconds
[2024-07-19T15:47:49.485+0000] {processor.py:161} INFO - Started process (PID=2495) to work on /opt/airflow/dags/google_analytics_data_etl/logics/extract.py
[2024-07-19T15:47:49.487+0000] {processor.py:830} INFO - Processing file /opt/airflow/dags/google_analytics_data_etl/logics/extract.py for tasks to queue
[2024-07-19T15:47:49.491+0000] {logging_mixin.py:188} INFO - [2024-07-19T15:47:49.491+0000] {dagbag.py:538} INFO - Filling up the DagBag from /opt/airflow/dags/google_analytics_data_etl/logics/extract.py
[2024-07-19T15:47:49.528+0000] {processor.py:842} WARNING - No viable dags retrieved from /opt/airflow/dags/google_analytics_data_etl/logics/extract.py
[2024-07-19T15:47:49.558+0000] {processor.py:183} INFO - Processing /opt/airflow/dags/google_analytics_data_etl/logics/extract.py took 0.076 seconds
[2024-07-19T15:48:20.019+0000] {processor.py:161} INFO - Started process (PID=2555) to work on /opt/airflow/dags/google_analytics_data_etl/logics/extract.py
[2024-07-19T15:48:20.020+0000] {processor.py:830} INFO - Processing file /opt/airflow/dags/google_analytics_data_etl/logics/extract.py for tasks to queue
[2024-07-19T15:48:20.022+0000] {logging_mixin.py:188} INFO - [2024-07-19T15:48:20.022+0000] {dagbag.py:538} INFO - Filling up the DagBag from /opt/airflow/dags/google_analytics_data_etl/logics/extract.py
[2024-07-19T15:48:20.046+0000] {processor.py:842} WARNING - No viable dags retrieved from /opt/airflow/dags/google_analytics_data_etl/logics/extract.py
[2024-07-19T15:48:20.081+0000] {processor.py:183} INFO - Processing /opt/airflow/dags/google_analytics_data_etl/logics/extract.py took 0.066 seconds
[2024-07-19T15:48:50.392+0000] {processor.py:161} INFO - Started process (PID=2614) to work on /opt/airflow/dags/google_analytics_data_etl/logics/extract.py
[2024-07-19T15:48:50.395+0000] {processor.py:830} INFO - Processing file /opt/airflow/dags/google_analytics_data_etl/logics/extract.py for tasks to queue
[2024-07-19T15:48:50.399+0000] {logging_mixin.py:188} INFO - [2024-07-19T15:48:50.399+0000] {dagbag.py:538} INFO - Filling up the DagBag from /opt/airflow/dags/google_analytics_data_etl/logics/extract.py
[2024-07-19T15:48:50.440+0000] {processor.py:842} WARNING - No viable dags retrieved from /opt/airflow/dags/google_analytics_data_etl/logics/extract.py
[2024-07-19T15:48:50.462+0000] {processor.py:183} INFO - Processing /opt/airflow/dags/google_analytics_data_etl/logics/extract.py took 0.081 seconds
[2024-07-19T15:49:20.725+0000] {processor.py:161} INFO - Started process (PID=2674) to work on /opt/airflow/dags/google_analytics_data_etl/logics/extract.py
[2024-07-19T15:49:20.726+0000] {processor.py:830} INFO - Processing file /opt/airflow/dags/google_analytics_data_etl/logics/extract.py for tasks to queue
[2024-07-19T15:49:20.729+0000] {logging_mixin.py:188} INFO - [2024-07-19T15:49:20.729+0000] {dagbag.py:538} INFO - Filling up the DagBag from /opt/airflow/dags/google_analytics_data_etl/logics/extract.py
[2024-07-19T15:49:20.851+0000] {processor.py:842} WARNING - No viable dags retrieved from /opt/airflow/dags/google_analytics_data_etl/logics/extract.py
[2024-07-19T15:49:20.897+0000] {processor.py:183} INFO - Processing /opt/airflow/dags/google_analytics_data_etl/logics/extract.py took 0.178 seconds
[2024-07-19T15:49:51.374+0000] {processor.py:161} INFO - Started process (PID=2734) to work on /opt/airflow/dags/google_analytics_data_etl/logics/extract.py
[2024-07-19T15:49:51.377+0000] {processor.py:830} INFO - Processing file /opt/airflow/dags/google_analytics_data_etl/logics/extract.py for tasks to queue
[2024-07-19T15:49:51.382+0000] {logging_mixin.py:188} INFO - [2024-07-19T15:49:51.381+0000] {dagbag.py:538} INFO - Filling up the DagBag from /opt/airflow/dags/google_analytics_data_etl/logics/extract.py
[2024-07-19T15:49:51.471+0000] {processor.py:842} WARNING - No viable dags retrieved from /opt/airflow/dags/google_analytics_data_etl/logics/extract.py
[2024-07-19T15:49:51.500+0000] {processor.py:183} INFO - Processing /opt/airflow/dags/google_analytics_data_etl/logics/extract.py took 0.134 seconds
[2024-07-19T15:50:21.817+0000] {processor.py:161} INFO - Started process (PID=2794) to work on /opt/airflow/dags/google_analytics_data_etl/logics/extract.py
[2024-07-19T15:50:21.819+0000] {processor.py:830} INFO - Processing file /opt/airflow/dags/google_analytics_data_etl/logics/extract.py for tasks to queue
[2024-07-19T15:50:21.824+0000] {logging_mixin.py:188} INFO - [2024-07-19T15:50:21.823+0000] {dagbag.py:538} INFO - Filling up the DagBag from /opt/airflow/dags/google_analytics_data_etl/logics/extract.py
[2024-07-19T15:50:21.853+0000] {processor.py:842} WARNING - No viable dags retrieved from /opt/airflow/dags/google_analytics_data_etl/logics/extract.py
[2024-07-19T15:50:21.865+0000] {processor.py:183} INFO - Processing /opt/airflow/dags/google_analytics_data_etl/logics/extract.py took 0.056 seconds
[2024-07-19T15:50:52.811+0000] {processor.py:161} INFO - Started process (PID=2854) to work on /opt/airflow/dags/google_analytics_data_etl/logics/extract.py
[2024-07-19T15:50:52.812+0000] {processor.py:830} INFO - Processing file /opt/airflow/dags/google_analytics_data_etl/logics/extract.py for tasks to queue
[2024-07-19T15:50:52.815+0000] {logging_mixin.py:188} INFO - [2024-07-19T15:50:52.815+0000] {dagbag.py:538} INFO - Filling up the DagBag from /opt/airflow/dags/google_analytics_data_etl/logics/extract.py
[2024-07-19T15:50:52.841+0000] {processor.py:842} WARNING - No viable dags retrieved from /opt/airflow/dags/google_analytics_data_etl/logics/extract.py
[2024-07-19T15:50:52.854+0000] {processor.py:183} INFO - Processing /opt/airflow/dags/google_analytics_data_etl/logics/extract.py took 0.052 seconds
[2024-07-19T15:51:23.727+0000] {processor.py:161} INFO - Started process (PID=2913) to work on /opt/airflow/dags/google_analytics_data_etl/logics/extract.py
[2024-07-19T15:51:23.733+0000] {processor.py:830} INFO - Processing file /opt/airflow/dags/google_analytics_data_etl/logics/extract.py for tasks to queue
[2024-07-19T15:51:23.770+0000] {logging_mixin.py:188} INFO - [2024-07-19T15:51:23.768+0000] {dagbag.py:538} INFO - Filling up the DagBag from /opt/airflow/dags/google_analytics_data_etl/logics/extract.py
[2024-07-19T15:51:23.885+0000] {processor.py:842} WARNING - No viable dags retrieved from /opt/airflow/dags/google_analytics_data_etl/logics/extract.py
[2024-07-19T15:51:23.916+0000] {processor.py:183} INFO - Processing /opt/airflow/dags/google_analytics_data_etl/logics/extract.py took 0.197 seconds
[2024-07-19T15:51:54.165+0000] {processor.py:161} INFO - Started process (PID=2979) to work on /opt/airflow/dags/google_analytics_data_etl/logics/extract.py
[2024-07-19T15:51:54.167+0000] {processor.py:830} INFO - Processing file /opt/airflow/dags/google_analytics_data_etl/logics/extract.py for tasks to queue
[2024-07-19T15:51:54.170+0000] {logging_mixin.py:188} INFO - [2024-07-19T15:51:54.170+0000] {dagbag.py:538} INFO - Filling up the DagBag from /opt/airflow/dags/google_analytics_data_etl/logics/extract.py
[2024-07-19T15:51:54.192+0000] {processor.py:842} WARNING - No viable dags retrieved from /opt/airflow/dags/google_analytics_data_etl/logics/extract.py
[2024-07-19T15:51:54.206+0000] {processor.py:183} INFO - Processing /opt/airflow/dags/google_analytics_data_etl/logics/extract.py took 0.044 seconds
[2024-07-19T15:52:24.644+0000] {processor.py:161} INFO - Started process (PID=3039) to work on /opt/airflow/dags/google_analytics_data_etl/logics/extract.py
[2024-07-19T15:52:24.648+0000] {processor.py:830} INFO - Processing file /opt/airflow/dags/google_analytics_data_etl/logics/extract.py for tasks to queue
[2024-07-19T15:52:24.655+0000] {logging_mixin.py:188} INFO - [2024-07-19T15:52:24.655+0000] {dagbag.py:538} INFO - Filling up the DagBag from /opt/airflow/dags/google_analytics_data_etl/logics/extract.py
[2024-07-19T15:52:24.721+0000] {processor.py:842} WARNING - No viable dags retrieved from /opt/airflow/dags/google_analytics_data_etl/logics/extract.py
[2024-07-19T15:52:24.742+0000] {processor.py:183} INFO - Processing /opt/airflow/dags/google_analytics_data_etl/logics/extract.py took 0.115 seconds
[2024-07-19T15:52:33.468+0000] {processor.py:161} INFO - Started process (PID=3067) to work on /opt/airflow/dags/google_analytics_data_etl/logics/extract.py
[2024-07-19T15:52:33.470+0000] {processor.py:830} INFO - Processing file /opt/airflow/dags/google_analytics_data_etl/logics/extract.py for tasks to queue
[2024-07-19T15:52:33.474+0000] {logging_mixin.py:188} INFO - [2024-07-19T15:52:33.474+0000] {dagbag.py:538} INFO - Filling up the DagBag from /opt/airflow/dags/google_analytics_data_etl/logics/extract.py
[2024-07-19T15:52:33.564+0000] {processor.py:842} WARNING - No viable dags retrieved from /opt/airflow/dags/google_analytics_data_etl/logics/extract.py
[2024-07-19T15:52:33.587+0000] {processor.py:183} INFO - Processing /opt/airflow/dags/google_analytics_data_etl/logics/extract.py took 0.125 seconds
