[2024-07-17T15:00:52.066+0000] {taskinstance.py:1957} INFO - Dependencies all met for dep_context=non-requeueable deps ti=<TaskInstance: google_analytics_data_etl.task_transform_to_flat manual__2024-07-17T14:54:19.868501+00:00 [queued]>
[2024-07-17T15:00:52.074+0000] {taskinstance.py:1957} INFO - Dependencies all met for dep_context=requeueable deps ti=<TaskInstance: google_analytics_data_etl.task_transform_to_flat manual__2024-07-17T14:54:19.868501+00:00 [queued]>
[2024-07-17T15:00:52.075+0000] {taskinstance.py:2171} INFO - Starting attempt 3 of 4
[2024-07-17T15:00:52.088+0000] {taskinstance.py:2192} INFO - Executing <Task(PythonOperator): task_transform_to_flat> on 2024-07-17 14:54:19.868501+00:00
[2024-07-17T15:00:52.095+0000] {standard_task_runner.py:60} INFO - Started process 2090 to run task
[2024-07-17T15:00:52.101+0000] {standard_task_runner.py:87} INFO - Running: ['***', 'tasks', 'run', 'google_analytics_data_etl', 'task_transform_to_flat', 'manual__2024-07-17T14:54:19.868501+00:00', '--job-id', '94', '--raw', '--subdir', 'DAGS_FOLDER/google_analytics_data_etl/google_analytics_data_etl.py', '--cfg-path', '/tmp/tmpy0vqy4o9']
[2024-07-17T15:00:52.102+0000] {standard_task_runner.py:88} INFO - Job 94: Subtask task_transform_to_flat
[2024-07-17T15:00:52.152+0000] {task_command.py:423} INFO - Running <TaskInstance: google_analytics_data_etl.task_transform_to_flat manual__2024-07-17T14:54:19.868501+00:00 [running]> on host f5f2893b4d65
[2024-07-17T15:00:52.235+0000] {taskinstance.py:2481} INFO - Exporting env vars: AIRFLOW_CTX_DAG_OWNER='***' AIRFLOW_CTX_DAG_ID='google_analytics_data_etl' AIRFLOW_CTX_TASK_ID='task_transform_to_flat' AIRFLOW_CTX_EXECUTION_DATE='2024-07-17T14:54:19.868501+00:00' AIRFLOW_CTX_TRY_NUMBER='3' AIRFLOW_CTX_DAG_RUN_ID='manual__2024-07-17T14:54:19.868501+00:00'
[2024-07-17T15:00:52.356+0000] {logging_mixin.py:188} INFO -   event_date event_value_in_usd  ... event_dimensions ecommerce
0   20230101               None  ...             None      None
1   20230101               None  ...             None      None
2   20230101               None  ...             None      None
3   20230101               None  ...             None      None
4   20230101               None  ...             None      None

[5 rows x 36 columns]
[2024-07-17T15:00:52.374+0000] {python.py:201} INFO - Done. Returned value was: None
[2024-07-17T15:00:52.395+0000] {taskinstance.py:1138} INFO - Marking task as SUCCESS. dag_id=google_analytics_data_etl, task_id=task_transform_to_flat, execution_date=20240717T145419, start_date=20240717T150052, end_date=20240717T150052
[2024-07-17T15:00:52.431+0000] {local_task_job_runner.py:234} INFO - Task exited with return code 0
[2024-07-17T15:00:52.491+0000] {taskinstance.py:3281} INFO - 0 downstream tasks scheduled from follow-on schedule check
